[    0.000000] Linux version 4.15.0-101-generic (buildd@lgw01-amd64-003) (gcc version 7.5.0 (Ubuntu 7.5.0-3ubuntu1~18.04)) #102-Ubuntu SMP Mon May 11 10:07:26 UTC 2020 (Ubuntu 4.15.0-101.102-generic 4.15.18)
[    0.000000] Command line: BOOT_IMAGE=/boot/vmlinuz-4.15.0-101-generic root=LABEL=cloudimg-rootfs ro console=tty1 console=ttyS0
[    0.000000] KERNEL supported cpus:
[    0.000000]   Intel GenuineIntel
[    0.000000]   AMD AuthenticAMD
[    0.000000]   Centaur CentaurHauls
[    0.000000] [Firmware Bug]: TSC doesn't count with P0 frequency!
[    0.000000] x86/fpu: Supporting XSAVE feature 0x001: 'x87 floating point registers'
[    0.000000] x86/fpu: Supporting XSAVE feature 0x002: 'SSE registers'
[    0.000000] x86/fpu: Supporting XSAVE feature 0x004: 'AVX registers'
[    0.000000] x86/fpu: xstate_offset[2]:  576, xstate_sizes[2]:  256
[    0.000000] x86/fpu: Enabled xstate features 0x7, context size is 832 bytes, using 'standard' format.
[    0.000000] e820: BIOS-provided physical RAM map:
[    0.000000] BIOS-e820: [mem 0x0000000000000000-0x000000000009fbff] usable
[    0.000000] BIOS-e820: [mem 0x000000000009fc00-0x000000000009ffff] reserved
[    0.000000] BIOS-e820: [mem 0x00000000000f0000-0x00000000000fffff] reserved
[    0.000000] BIOS-e820: [mem 0x0000000000100000-0x000000007ffeffff] usable
[    0.000000] BIOS-e820: [mem 0x000000007fff0000-0x000000007fffffff] ACPI data
[    0.000000] BIOS-e820: [mem 0x00000000fec00000-0x00000000fec00fff] reserved
[    0.000000] BIOS-e820: [mem 0x00000000fee00000-0x00000000fee00fff] reserved
[    0.000000] BIOS-e820: [mem 0x00000000fffc0000-0x00000000ffffffff] reserved
[    0.000000] NX (Execute Disable) protection: active
[    0.000000] SMBIOS 2.5 present.
[    0.000000] DMI: innotek GmbH VirtualBox/VirtualBox, BIOS VirtualBox 12/01/2006
[    0.000000] Hypervisor detected: KVM
[    0.000000] e820: last_pfn = 0x7fff0 max_arch_pfn = 0x400000000
[    0.000000] MTRR: Disabled
[    0.000000] x86/PAT: MTRRs disabled, skipping PAT initialization too.
[    0.000000] CPU MTRRs all blank - virtualized system.
[    0.000000] x86/PAT: Configuration [0-7]: WB  WT  UC- UC  WB  WT  UC- UC  
[    0.000000] found SMP MP-table at [mem 0x0009fff0-0x0009ffff]
[    0.000000] Scanning 1 areas for low memory corruption
[    0.000000] RAMDISK: [mem 0x35a6f000-0x36d2efff]
[    0.000000] ACPI: Early table checksum verification disabled
[    0.000000] ACPI: RSDP 0x00000000000E0000 000024 (v02 VBOX  )
[    0.000000] ACPI: XSDT 0x000000007FFF0030 00003C (v01 VBOX   VBOXXSDT 00000001 ASL  00000061)
[    0.000000] ACPI: FACP 0x000000007FFF00F0 0000F4 (v04 VBOX   VBOXFACP 00000001 ASL  00000061)
[    0.000000] ACPI: DSDT 0x000000007FFF0470 002325 (v02 VBOX   VBOXBIOS 00000002 INTL 20100528)
[    0.000000] ACPI: FACS 0x000000007FFF0200 000040
[    0.000000] ACPI: FACS 0x000000007FFF0200 000040
[    0.000000] ACPI: APIC 0x000000007FFF0240 00005C (v02 VBOX   VBOXAPIC 00000001 ASL  00000061)
[    0.000000] ACPI: SSDT 0x000000007FFF02A0 0001CC (v01 VBOX   VBOXCPUT 00000002 INTL 20100528)
[    0.000000] No NUMA configuration found
[    0.000000] Faking a node at [mem 0x0000000000000000-0x000000007ffeffff]
[    0.000000] NODE_DATA(0) allocated [mem 0x7ffc5000-0x7ffeffff]
[    0.000000] kvm-clock: cpu 0, msr 0:7ff44001, primary cpu clock
[    0.000000] kvm-clock: Using msrs 4b564d01 and 4b564d00
[    0.000000] kvm-clock: using sched offset of 3129105168 cycles
[    0.000000] clocksource: kvm-clock: mask: 0xffffffffffffffff max_cycles: 0x1cd42e4dffb, max_idle_ns: 881590591483 ns
[    0.000000] Zone ranges:
[    0.000000]   DMA      [mem 0x0000000000001000-0x0000000000ffffff]
[    0.000000]   DMA32    [mem 0x0000000001000000-0x000000007ffeffff]
[    0.000000]   Normal   empty
[    0.000000]   Device   empty
[    0.000000] Movable zone start for each node
[    0.000000] Early memory node ranges
[    0.000000]   node   0: [mem 0x0000000000001000-0x000000000009efff]
[    0.000000]   node   0: [mem 0x0000000000100000-0x000000007ffeffff]
[    0.000000] Reserved but unavailable: 98 pages
[    0.000000] Initmem setup node 0 [mem 0x0000000000001000-0x000000007ffeffff]
[    0.000000] ACPI: PM-Timer IO Port: 0x4008
[    0.000000] IOAPIC[0]: apic_id 2, version 32, address 0xfec00000, GSI 0-23
[    0.000000] ACPI: INT_SRC_OVR (bus 0 bus_irq 0 global_irq 2 dfl dfl)
[    0.000000] ACPI: INT_SRC_OVR (bus 0 bus_irq 9 global_irq 9 low level)
[    0.000000] Using ACPI (MADT) for SMP configuration information
[    0.000000] smpboot: Allowing 2 CPUs, 0 hotplug CPUs
[    0.000000] PM: Registered nosave memory: [mem 0x00000000-0x00000fff]
[    0.000000] PM: Registered nosave memory: [mem 0x0009f000-0x0009ffff]
[    0.000000] PM: Registered nosave memory: [mem 0x000a0000-0x000effff]
[    0.000000] PM: Registered nosave memory: [mem 0x000f0000-0x000fffff]
[    0.000000] e820: [mem 0x80000000-0xfebfffff] available for PCI devices
[    0.000000] Booting paravirtualized kernel on KVM
[    0.000000] clocksource: refined-jiffies: mask: 0xffffffff max_cycles: 0xffffffff, max_idle_ns: 7645519600211568 ns
[    0.000000] random: get_random_bytes called from start_kernel+0x99/0x4fd with crng_init=0
[    0.000000] setup_percpu: NR_CPUS:8192 nr_cpumask_bits:2 nr_cpu_ids:2 nr_node_ids:1
[    0.000000] percpu: Embedded 45 pages/cpu s147456 r8192 d28672 u1048576
[    0.000000] PV qspinlock hash table entries: 256 (order: 0, 4096 bytes)
[    0.000000] Built 1 zonelists, mobility grouping on.  Total pages: 515961
[    0.000000] Policy zone: DMA32
[    0.000000] Kernel command line: BOOT_IMAGE=/boot/vmlinuz-4.15.0-101-generic root=LABEL=cloudimg-rootfs ro console=tty1 console=ttyS0
[    0.000000] Memory: 2015260K/2096696K available (12300K kernel code, 2481K rwdata, 4268K rodata, 2432K init, 2712K bss, 81436K reserved, 0K cma-reserved)
[    0.000000] SLUB: HWalign=64, Order=0-3, MinObjects=0, CPUs=2, Nodes=1
[    0.000000] ftrace: allocating 39364 entries in 154 pages
[    0.004000] Hierarchical RCU implementation.
[    0.004000] 	RCU restricting CPUs from NR_CPUS=8192 to nr_cpu_ids=2.
[    0.004000] 	Tasks RCU enabled.
[    0.004000] RCU: Adjusting geometry for rcu_fanout_leaf=16, nr_cpu_ids=2
[    0.004000] NR_IRQS: 524544, nr_irqs: 440, preallocated irqs: 16
[    0.004000] Console: colour VGA+ 80x25
[    0.004000] console [tty1] enabled
[    0.004000] console [ttyS0] enabled
[    0.004000] ACPI: Core revision 20170831
[    0.004000] ACPI: 2 ACPI AML tables successfully acquired and loaded
[    0.004000] APIC: Switch to symmetric I/O mode setup
[    0.004000] x2apic enabled
[    0.004000] Switched APIC routing to physical x2apic.
[    0.004000] ..TIMER: vector=0x30 apic1=0 pin1=2 apic2=-1 pin2=-1
[    0.004000] tsc: Detected 3599.996 MHz processor
[    0.004000] Calibrating delay loop (skipped) preset value.. 7199.99 BogoMIPS (lpj=14399984)
[    0.004000] pid_max: default: 32768 minimum: 301
[    0.004000] Security Framework initialized
[    0.004000] Yama: becoming mindful.
[    0.004000] AppArmor: AppArmor initialized
[    0.004000] Dentry cache hash table entries: 262144 (order: 9, 2097152 bytes)
[    0.004000] Inode-cache hash table entries: 131072 (order: 8, 1048576 bytes)
[    0.004000] Mount-cache hash table entries: 4096 (order: 3, 32768 bytes)
[    0.004000] Mountpoint-cache hash table entries: 4096 (order: 3, 32768 bytes)
[    0.004000] Last level iTLB entries: 4KB 1024, 2MB 1024, 4MB 512
[    0.004000] Last level dTLB entries: 4KB 2048, 2MB 2048, 4MB 1024, 1GB 0
[    0.004000] Spectre V1 : Mitigation: usercopy/swapgs barriers and __user pointer sanitization
[    0.004000] Spectre V2 : Spectre mitigation: LFENCE not serializing, switching to generic retpoline
[    0.004000] Spectre V2 : Mitigation: Full generic retpoline
[    0.004000] Spectre V2 : Spectre v2 / SpectreRSB mitigation: Filling RSB on context switch
[    0.004000] Speculative Store Bypass: Mitigation: Speculative Store Bypass disabled via prctl and seccomp
[    0.004000] Freeing SMP alternatives memory: 36K
[    0.120001] APIC calibration not consistent with PM-Timer: 108ms instead of 100ms
[    0.120767] APIC delta adjusted to PM-Timer: 6430111 (7000399)
[    0.121403] smpboot: CPU0: AMD Ryzen 7 3700X 8-Core Processor (family: 0x17, model: 0x71, stepping: 0x0)
[    0.122400] Performance Events: PMU not available due to virtualization, using software events only.
[    0.123360] Hierarchical SRCU implementation.
[    0.124000] NMI watchdog: Perf event create on CPU 0 failed with -2
[    0.124000] NMI watchdog: Perf NMI watchdog permanently disabled
[    0.124000] smp: Bringing up secondary CPUs ...
[    0.124000] x86: Booting SMP configuration:
[    0.124001] .... node  #0, CPUs:      #1
[    0.004000] kvm-clock: cpu 1, msr 0:7ff44041, secondary cpu clock
[    0.126950] smp: Brought up 1 node, 2 CPUs
[    0.126950] smpboot: Max logical packages: 1
[    0.128003] smpboot: Total of 2 processors activated (14399.98 BogoMIPS)
[    0.128760] devtmpfs: initialized
[    0.128760] x86/mm: Memory block size: 128MB
[    0.128976] evm: security.selinux
[    0.129344] evm: security.SMACK64
[    0.129709] evm: security.SMACK64EXEC
[    0.130107] evm: security.SMACK64TRANSMUTE
[    0.130527] evm: security.SMACK64MMAP
[    0.130910] evm: security.apparmor
[    0.131280] evm: security.ima
[    0.131608] evm: security.capability
[    0.132046] clocksource: jiffies: mask: 0xffffffff max_cycles: 0xffffffff, max_idle_ns: 7645041785100000 ns
[    0.132984] futex hash table entries: 512 (order: 3, 32768 bytes)
[    0.133633] pinctrl core: initialized pinctrl subsystem
[    0.134228] RTC time: 13:28:51, date: 06/04/20
[    0.134805] NET: Registered protocol family 16
[    0.135314] audit: initializing netlink subsys (disabled)
[    0.136014] audit: type=2000 audit(1591277335.921:1): state=initialized audit_enabled=0 res=1
[    0.136932] cpuidle: using governor ladder
[    0.136932] cpuidle: using governor menu
[    0.136932] ACPI: bus type PCI registered
[    0.136932] acpiphp: ACPI Hot Plug PCI Controller Driver version: 0.5
[    0.136932] PCI: Using configuration type 1 for base access
[    0.136932] PCI: Using configuration type 1 for extended access
[    0.141496] HugeTLB registered 2.00 MiB page size, pre-allocated 0 pages
[    0.144043] ACPI: Added _OSI(Module Device)
[    0.144499] ACPI: Added _OSI(Processor Device)
[    0.144973] ACPI: Added _OSI(3.0 _SCP Extensions)
[    0.145464] ACPI: Added _OSI(Processor Aggregator Device)
[    0.146020] ACPI: Added _OSI(Linux-Dell-Video)
[    0.146493] ACPI: Added _OSI(Linux-Lenovo-NV-HDMI-Audio)
[    0.147040] ACPI: Added _OSI(Linux-HPI-Hybrid-Graphics)
[    0.147040] ACPI: Executed 1 blocks of module-level executable AML code
[    0.147040] ACPI: Interpreter enabled
[    0.147299] ACPI: (supports S0 S5)
[    0.148001] ACPI: Using IOAPIC for interrupt routing
[    0.148653] PCI: Using host bridge windows from ACPI; if necessary, use "pci=nocrs" and report a bug
[    0.149673] ACPI: Enabled 2 GPEs in block 00 to 07
[    0.153368] ACPI: PCI Root Bridge [PCI0] (domain 0000 [bus 00-ff])
[    0.154007] acpi PNP0A03:00: _OSC: OS supports [ExtendedConfig ASPM ClockPM Segments MSI]
[    0.155463] acpi PNP0A03:00: _OSC: platform does not support [PCIeCapability]
[    0.156306] acpi PNP0A03:00: _OSC: not requesting control; platform does not support [PCIeCapability]
[    0.157246] acpi PNP0A03:00: _OSC: OS requested [PCIeHotplug PME AER PCIeCapability]
[    0.158045] acpi PNP0A03:00: _OSC: platform willing to grant [PCIeHotplug PME AER]
[    0.158822] acpi PNP0A03:00: _OSC failed (AE_SUPPORT); disabling ASPM
[    0.160116] PCI host bridge to bus 0000:00
[    0.160944] pci_bus 0000:00: root bus resource [io  0x0000-0x0cf7 window]
[    0.161648] pci_bus 0000:00: root bus resource [io  0x0d00-0xffff window]
[    0.162337] pci_bus 0000:00: root bus resource [mem 0x000a0000-0x000bffff window]
[    0.163118] pci_bus 0000:00: root bus resource [mem 0x80000000-0xfdffffff window]
[    0.163886] pci_bus 0000:00: root bus resource [bus 00-ff]
[    0.165333] pci 0000:00:01.1: legacy IDE quirk: reg 0x10: [io  0x01f0-0x01f7]
[    0.166047] pci 0000:00:01.1: legacy IDE quirk: reg 0x14: [io  0x03f6]
[    0.166702] pci 0000:00:01.1: legacy IDE quirk: reg 0x18: [io  0x0170-0x0177]
[    0.167416] pci 0000:00:01.1: legacy IDE quirk: reg 0x1c: [io  0x0376]
[    0.175025] pci 0000:00:07.0: quirk: [io  0x4000-0x403f] claimed by PIIX4 ACPI
[    0.175781] pci 0000:00:07.0: quirk: [io  0x4100-0x410f] claimed by PIIX4 SMB
[    0.178706] ACPI: PCI Interrupt Link [LNKA] (IRQs 5 9 10 *11)
[    0.180012] ACPI: PCI Interrupt Link [LNKB] (IRQs 5 9 *10 11)
[    0.180666] ACPI: PCI Interrupt Link [LNKC] (IRQs 5 *9 10 11)
[    0.181325] ACPI: PCI Interrupt Link [LNKD] (IRQs 5 9 10 *11)
[    0.184005] SCSI subsystem initialized
[    0.184021] pci 0000:00:02.0: vgaarb: setting as boot VGA device
[    0.184625] pci 0000:00:02.0: vgaarb: VGA device added: decodes=io+mem,owns=io+mem,locks=none
[    0.185472] pci 0000:00:02.0: vgaarb: bridge control possible
[    0.185472] vgaarb: loaded
[    0.185472] ACPI: bus type USB registered
[    0.185472] usbcore: registered new interface driver usbfs
[    0.185472] usbcore: registered new interface driver hub
[    0.188002] usbcore: registered new device driver usb
[    0.188008] EDAC MC: Ver: 3.0.0
[    0.188484] PCI: Using ACPI for IRQ routing
[    0.188484] NetLabel: Initializing
[    0.188536] NetLabel:  domain hash size = 128
[    0.189000] NetLabel:  protocols = UNLABELED CIPSOv4 CALIPSO
[    0.189584] NetLabel:  unlabeled traffic allowed by default
[    0.192038] clocksource: Switched to clocksource kvm-clock
[    0.202515] VFS: Disk quotas dquot_6.6.0
[    0.202963] VFS: Dquot-cache hash table entries: 512 (order 0, 4096 bytes)
[    0.203711] AppArmor: AppArmor Filesystem Enabled
[    0.204233] pnp: PnP ACPI init
[    0.205189] pnp: PnP ACPI: found 3 devices
[    0.212288] clocksource: acpi_pm: mask: 0xffffff max_cycles: 0xffffff, max_idle_ns: 2085701024 ns
[    0.213201] NET: Registered protocol family 2
[    0.213723] TCP established hash table entries: 16384 (order: 5, 131072 bytes)
[    0.214471] TCP bind hash table entries: 16384 (order: 6, 262144 bytes)
[    0.215131] TCP: Hash tables configured (established 16384 bind 16384)
[    0.216283] UDP hash table entries: 1024 (order: 3, 32768 bytes)
[    0.217843] UDP-Lite hash table entries: 1024 (order: 3, 32768 bytes)
[    0.218510] NET: Registered protocol family 1
[    0.218982] pci 0000:00:00.0: Limiting direct PCI/PCI transfers
[    0.219596] pci 0000:00:01.0: Activating ISA DMA hang workarounds
[    0.220254] pci 0000:00:02.0: Video device with shadowed ROM at [mem 0x000c0000-0x000dffff]
[    0.221150] Unpacking initramfs...
[    0.450046] Freeing initrd memory: 19200K
[    0.450576] clocksource: tsc: mask: 0xffffffffffffffff max_cycles: 0x33e44fb235b, max_idle_ns: 440795341910 ns
[    0.451612] platform rtc_cmos: registered platform RTC device (no PNP device found)
[    0.452432] Scanning for low memory corruption every 60 seconds
[    0.453453] Initialise system trusted keyrings
[    0.453933] Key type blacklist registered
[    0.454404] workingset: timestamp_bits=36 max_order=19 bucket_order=0
[    0.455595] zbud: loaded
[    0.456212] squashfs: version 4.0 (2009/01/31) Phillip Lougher
[    0.456973] fuse init (API version 7.26)
[    0.459145] Key type asymmetric registered
[    0.459587] Asymmetric key parser 'x509' registered
[    0.460128] Block layer SCSI generic (bsg) driver version 0.4 loaded (major 246)
[    0.460897] io scheduler noop registered
[    0.461318] io scheduler deadline registered
[    0.461766] io scheduler cfq registered (default)
[    0.462384] ACPI: AC Adapter [AC] (on-line)
[    0.462840] input: Power Button as /devices/LNXSYSTM:00/LNXPWRBN:00/input/input0
[    0.463607] ACPI: Power Button [PWRF]
[    0.464026] input: Sleep Button as /devices/LNXSYSTM:00/LNXSLPBN:00/input/input1
[    0.464794] ACPI: Sleep Button [SLPF]
[    0.465353] Serial: 8250/16550 driver, 32 ports, IRQ sharing enabled
[    0.486377] 00:02: ttyS0 at I/O 0x3f8 (irq = 4, base_baud = 115200) is a 16550A
[    0.488460] Linux agpgart interface v0.103
[    0.492472] loop: module loaded
[    0.493132] scsi host0: ata_piix
[    0.493604] scsi host1: ata_piix
[    0.493984] ata1: PATA max UDMA/33 cmd 0x1f0 ctl 0x3f6 bmdma 0xd000 irq 14
[    0.494659] ata2: PATA max UDMA/33 cmd 0x170 ctl 0x376 bmdma 0xd008 irq 15
[    0.495361] libphy: Fixed MDIO Bus: probed
[    0.495813] tun: Universal TUN/TAP device driver, 1.6
[    0.496371] PPP generic driver version 2.4.2
[    0.496881] ehci_hcd: USB 2.0 'Enhanced' Host Controller (EHCI) Driver
[    0.497564] ehci-pci: EHCI PCI platform driver
[    0.498061] ehci-platform: EHCI generic platform driver
[    0.498626] ohci_hcd: USB 1.1 'Open' Host Controller (OHCI) Driver
[    0.499274] ohci-pci: OHCI PCI platform driver
[    0.499768] ohci-platform: OHCI generic platform driver
[    0.500342] uhci_hcd: USB Universal Host Controller Interface driver
[    0.501028] i8042: PNP: PS/2 Controller [PNP0303:PS2K,PNP0f03:PS2M] at 0x60,0x64 irq 1,12
[    0.502233] serio: i8042 KBD port at 0x60,0x64 irq 1
[    0.502776] serio: i8042 AUX port at 0x60,0x64 irq 12
[    0.503395] mousedev: PS/2 mouse device common for all mice
[    0.504299] input: AT Translated Set 2 keyboard as /devices/platform/i8042/serio0/input/input2
[    0.505206] rtc_cmos rtc_cmos: rtc core: registered rtc_cmos as rtc0
[    0.505996] rtc_cmos rtc_cmos: alarms up to one day, 114 bytes nvram
[    0.506657] i2c /dev entries driver
[    0.507065] device-mapper: uevent: version 1.0.3
[    0.507597] device-mapper: ioctl: 4.37.0-ioctl (2017-09-20) initialised: dm-devel@redhat.com
[    0.508459] ledtrig-cpu: registered to indicate activity on CPUs
[    0.509392] NET: Registered protocol family 10
[    0.511720] Segment Routing with IPv6
[    0.512135] NET: Registered protocol family 17
[    0.512626] Key type dns_resolver registered
[    0.513194] mce: Using 0 MCE banks
[    0.513565] RAS: Correctable Errors collector initialized.
[    0.514128] sched_clock: Marking stable (513175975, 0)->(631785882, -118609907)
[    0.515105] registered taskstats version 1
[    0.515536] Loading compiled-in X.509 certificates
[    0.517146] Loaded X.509 cert 'Build time autogenerated kernel key: 81757e40860ca54b8a45e323b66799c03c91a344'
[    0.518116] zswap: loaded using pool lzo/zbud
[    0.520115] Key type big_key registered
[    0.520522] Key type trusted registered
[    0.521676] Key type encrypted registered
[    0.522103] AppArmor: AppArmor sha1 policy hashing enabled
[    0.522645] ima: No TPM chip found, activating TPM-bypass! (rc=-19)
[    0.523258] ima: Allocated hash algorithm: sha1
[    0.523729] evm: HMAC attrs: 0x1
[    0.524192]   Magic number: 8:603:482
[    0.524577] ata_device dev1.1: hash matches
[    0.525045]  dev1.1: hash matches
[    0.525480] rtc_cmos rtc_cmos: setting system clock to 2020-06-04 13:28:51 UTC (1591277331)
[    0.526419] BIOS EDD facility v0.16 2004-Jun-25, 0 devices found
[    0.527025] EDD information not available.
[    0.728258] Freeing unused kernel image memory: 2432K
[    0.751327] Write protecting the kernel read-only data: 20480k
[    0.752279] Freeing unused kernel image memory: 2008K
[    0.752955] Freeing unused kernel image memory: 1876K
[    0.758685] x86/mm: Checked W+X mappings: passed, no W+X pages found.
Loading, please wait...
starting version 237
[    0.789470] Fusion MPT base driver 3.04.20
[    0.789928] Copyright (c) 1999-2008 LSI Corporation
[    0.792075] e1000: Intel(R) PRO/1000 Network Driver - version 7.3.21-k8-NAPI
[    0.792779] e1000: Copyright (c) 1999-2006 Intel Corporation.
[    0.795298] Fusion MPT SPI Host driver 3.04.20
[    0.798919] AVX2 version of gcm_enc/dec engaged.
[    0.799404] AES CTR mode by8 optimization enabled
[    0.801242] mptbase: ioc0: Initiating bringup
[    1.106777] input: ImExPS/2 Generic Explorer Mouse as /devices/platform/i8042/serio1/input/input4
[    1.291524] ioc0: LSI53C1030 A0: Capabilities={Initiator}
[    3.490227] scsi host2: ioc0: LSI53C1030 A0, FwRev=00000000h, Ports=1, MaxQ=256, IRQ=20
[    3.656789] scsi 2:0:0:0: Direct-Access     VBOX     HARDDISK         1.0  PQ: 0 ANSI: 5
[    3.691794] scsi target2:0:0: Beginning Domain Validation
[    3.692807] scsi target2:0:0: Domain Validation skipping write tests
[    3.693431] scsi target2:0:0: Ending Domain Validation
[    3.693985] scsi target2:0:0: asynchronous
[    3.694600] scsi 2:0:1:0: Direct-Access     VBOX     HARDDISK         1.0  PQ: 0 ANSI: 5
[    3.956438] scsi target2:0:1: Beginning Domain Validation
[    3.957718] scsi target2:0:1: Domain Validation skipping write tests
[    3.958371] scsi target2:0:1: Ending Domain Validation
[    3.958935] random: fast init done
[    3.959320] scsi target2:0:1: asynchronous
[    3.961758] random: systemd-udevd: uninitialized urandom read (16 bytes read)
[    3.962592] random: systemd-udevd: uninitialized urandom read (16 bytes read)
[    3.963279] random: systemd-udevd: uninitialized urandom read (16 bytes read)
[    3.964120] sd 2:0:0:0: Attached scsi generic sg0 type 0
[    3.964804] sd 2:0:0:0: [sda] 20971520 512-byte logical blocks: (10.7 GB/10.0 GiB)
[    3.965619] sd 2:0:1:0: Attached scsi generic sg1 type 0
[    3.965623] sd 2:0:0:0: [sda] Write Protect is off
[    3.967108] sd 2:0:0:0: [sda] Incomplete mode parameter data
[    3.967123] sd 2:0:1:0: [sdb] 20480 512-byte logical blocks: (10.5 MB/10.0 MiB)
[    3.967671] sd 2:0:0:0: [sda] Assuming drive cache: write through
[    3.968438] sd 2:0:1:0: [sdb] Write Protect is off
[    3.969575] sd 2:0:1:0: [sdb] Incomplete mode parameter data
[    3.970161] sd 2:0:1:0: [sdb] Assuming drive cache: write through
[    3.971243]  sda: sda1
[    3.971867] sd 2:0:0:0: [sda] Attached SCSI disk
[    3.972380] sd 2:0:1:0: [sdb] Attached SCSI disk
[    4.003251] e1000 0000:00:03.0 eth0: (PCI:33MHz:32-bit) 02:d0:42:45:d9:44
[    4.003937] e1000 0000:00:03.0 eth0: Intel(R) PRO/1000 Network Connection
[    4.005105] e1000 0000:00:03.0 enp0s3: renamed from eth0
Begin: Loading essential drivers ... [    5.320248] raid6: sse2x1   gen()  8682 MB/s
[    5.368102] raid6: sse2x1   xor()  8454 MB/s
[    5.417256] raid6: sse2x2   gen() 18231 MB/s
[    5.465113] raid6: sse2x2   xor() 11699 MB/s
[    5.513938] raid6: sse2x4   gen() 19159 MB/s
[    5.561792] raid6: sse2x4   xor() 10646 MB/s
[    5.609658] raid6: avx2x1   gen() 20863 MB/s
[    5.656533] raid6: avx2x1   xor() 16281 MB/s
[    5.705361] raid6: avx2x2   gen() 36434 MB/s
[    5.753211] raid6: avx2x2   xor() 22072 MB/s
[    5.800087] raid6: avx2x4   gen() 36308 MB/s
[    5.849898] raid6: avx2x4   xor() 19232 MB/s
[    5.850408] raid6: using algorithm avx2x2 gen() 36434 MB/s
[    5.851009] raid6: .... xor() 22072 MB/s, rmw enabled
[    5.851555] raid6: using avx2x2 recovery algorithm
[    5.852829] xor: automatically using best checksumming function   avx       
[    5.854133] async_tx: api initialized (async)
done.
Begin: Running /scripts/init-premount ... done.
Begin: Mounting root file system ... Begin: Running /scripts/local-top ... done.
Begin: Running /scripts/local-premount ... [    5.886776] Btrfs loaded, crc32c=crc32c-intel
Scanning for Btrfs filesystems
done.
Warning: fsck not present, so skipping root file system
[    5.909726] EXT4-fs (sda1): mounted filesystem with ordered data mode. Opts: (null)
done.
Begin: Running /scripts/local-bottom ... done.
Begin: Running /scripts/init-bottom ... done.
[    6.005929] ip_tables: (C) 2000-2006 Netfilter Core Team
[    6.011256] systemd[1]: systemd 237 running in system mode. (+PAM +AUDIT +SELINUX +IMA +APPARMOR +SMACK +SYSVINIT +UTMP +LIBCRYPTSETUP +GCRYPT +GNUTLS +ACL +XZ +LZ4 +SECCOMP +BLKID +ELFUTILS +KMOD -IDN2 +IDN -PCRE2 default-hierarchy=hybrid)
[    6.013441] systemd[1]: Detected virtualization oracle.
[    6.014021] systemd[1]: Detected architecture x86-64.

Welcome to [1mUbuntu 18.04.4 LTS[0m!

[    6.018280] systemd[1]: Set hostname to <ubuntu>.
[    6.021238] systemd[1]: Initializing machine ID from random generator.
[    6.021963] systemd[1]: Installed transient /etc/machine-id file.
[    6.181374] systemd[1]: Created slice System Slice.
[[0;32m  OK  [0m] Created slice System Slice.
[    6.182535] systemd[1]: Created slice system-serial\x2dgetty.slice.
[[0;32m  OK  [0m] Created slice system-serial\x2dgetty.slice.
[    6.183730] systemd[1]: Listening on Device-mapper event daemon FIFOs.
[[0;32m  OK  [0m] Listening on Device-mapper event daemon FIFOs.
[    6.184838] systemd[1]: Listening on udev Control Socket.
[[0;32m  OK  [0m] Listening on udev Control Socket.
[[0;32m  OK  [0m] Reached target Swap.
[[0;32m  OK  [0m] Listening on udev Kernel Socket.
[[0;32m  OK  [0m] Created slice User and Session Slice.
[[0;32m  OK  [0m] Listening on Journal Audit Socket.
[[0;32m  OK  [0m] Listening on Journal Socket (/dev/log).
[[0;32m  OK  [0m] Reached target System Time Synchronized.
[[0;32m  OK  [0m] Listening on /dev/initctl Compatibility Named Pipe.
[[0;32m  OK  [0m] Listening on LVM2 poll daemon socket.
[[0;32m  OK  [0m] Started Forward Password Requests to Wall Directory Watch.
[[0;32m  OK  [0m] Listening on LVM2 metadata daemon socket.
[[0;32m  OK  [0m] Reached target User and Group Name Lookups.
[[0;32m  OK  [0m] Set up automount Arbitrary Executab…rmats File System Automount Point.
[[0;32m  OK  [0m] Listening on Syslog Socket.
[[0;32m  OK  [0m] Reached target Slices.
[[0;32m  OK  [0m] Listening on Journal Socket.
         Starting Uncomplicated firewall...
         Mounting Kernel Debug File System...
         Starting Set the console keyboard layout...
         Starting Remount Root and Kernel File Systems...
         Mounting POSIX Message Queue File System...
         Starting Journal Service...
         Starting Monitoring of LVM2 mirrors…ng dmeventd or progress polling...
         Starting udev Coldplug all Devices...
         Starting Load Kernel Modules...
         Starting Create list of required st…ce nodes for the current kernel...
         Mounting Huge Pages File System...
[[0;32m  OK  [0m] Listening on Network Service Netlink Socket.
[[0;32m  OK  [0m] Started Uncomplicated firewall.
[[0;32m  OK  [0m] Started LVM2 metadata daemon.
[[0;32m  OK  [0m] Mounted Kernel Debug File System.
[[0;32m  OK  [0m] Mounted POSIX Message Queue File System.
[[0;32m  OK  [0m] Mounted Huge Pages File System.
[[0;32m  OK  [0m] Started udev Coldplug all Devices.
[[0;32m  OK  [0m] Started Journal Service.
[    6.491341] Loading iSCSI transport class v2.0-870.
[    6.494873] iscsi: registered transport (tcp)
[    6.504044] iscsi: registered transport (iser)
[[0;32m  OK  [0m] Started Load Kernel Modules.
         Mounting FUSE Control File System...
         Mounting Kernel Configuration File System...
         Starting Apply Kernel Variables...
[[0;32m  OK  [0m] Started Create list of required sta…vice nodes for the current kernel.
[[0;32m  OK  [0m] Mounted FUSE Control File System.
[[0;32m  OK  [0m] Mounted Kernel Configuration File System.
         Starting Create Static Device Nodes in /dev...
[    6.515368] EXT4-fs (sda1): re-mounted. Opts: (null)
[[0;32m  OK  [0m] Started Remount Root and Kernel File Systems.
         Starting Flush Journal to Persistent Storage...
         Starting Load/Save Random Seed...
[[0;32m  OK  [0m] Started Create Static Device Nodes in /dev.
[[0;32m  OK  [0m] Started Load/Save Random Seed.
         Starting udev Kernel Device Manager...
[[0;32m  OK  [0m] Started Monitoring of LVM2 mirrors,…sing dmeventd or progress polling.
[[0;32m  OK  [0m] Started udev Kernel Device Manager.
[[0;32m  OK  [0m] Started Apply Kernel Variables.
[[0;32m  OK  [0m] Started Flush Journal to Persistent Storage.
[[0;32m  OK  [0m] Found device /dev/ttyS0.
[[0;32m  OK  [0m] Listening on Load/Save RF Kill Switch Status /dev/rfkill Watch.
[[0;32m  OK  [0m] Started Set the console keyboard layout.
[[0;32m  OK  [0m] Reached target Local File Systems (Pre).
[[0;32m  OK  [0m] Reached target Local File Systems.
         Starting ebtables ruleset management...
         Starting Set console font and keymap...
         Starting Commit a transient machine-id on disk...
         Starting Create Volatile Files and Directories...
         Starting AppArmor initialization...
         Starting Tell Plymouth To Write Out Runtime Data...
[[0;32m  OK  [0m] Started Dispatch Password Requests to Console Directory Watch.
[[0;32m  OK  [0m] Reached target Local Encrypted Volumes.
[[0;32m  OK  [0m] Started Tell Plymouth To Write Out Runtime Data.
[[0;32m  OK  [0m] Started Create Volatile Files and Directories.
         Starting Update UTMP about System Boot/Shutdown...
[[0;32m  OK  [0m] Started Set console font and keymap.
[[0;32m  OK  [0m] Started Update UTMP about System Boot/Shutdown.
[[0;32m  OK  [0m] Started Commit a transient machine-id on disk.
[[0;32m  OK  [0m] Started ebtables ruleset management.
[[0;32m  OK  [0m] Started AppArmor initialization.
         Starting Initial cloud-init job (pre-networking)...
[    8.023748] cloud-init[629]: Cloud-init v. 19.4-33-gbb4131a2-0ubuntu1~18.04.1 running 'init-local' at Thu, 04 Jun 2020 13:28:58 +0000. Up 7.82 seconds.
[[0;32m  OK  [0m] Started Initial cloud-init job (pre-networking).
[[0;32m  OK  [0m] Reached target Network (Pre).
         Starting Network Service...
[[0;32m  OK  [0m] Started Network Service.
         Starting Wait for Network to be Configured...
         Starting Network Name Resolution...
[[0;32m  OK  [0m] Started Network Name Resolution.
[[0;32m  OK  [0m] Reached target Host and Network Name Lookups.
[[0;32m  OK  [0m] Reached target Network.
[[0;32m  OK  [0m] Started Wait for Network to be Configured.
         Starting Initial cloud-init job (metadata service crawler)...
[    9.969336] cloud-init[757]: Cloud-init v. 19.4-33-gbb4131a2-0ubuntu1~18.04.1 running 'init' at Thu, 04 Jun 2020 13:29:00 +0000. Up 9.88 seconds.
[    9.970251] cloud-init[757]: ci-info: ++++++++++++++++++++++++++++++++++++++Net device info++++++++++++++++++++++++++++++++++++++
[    9.971070] cloud-init[757]: ci-info: +--------+------+----------------------------+---------------+--------+-------------------+
[    9.971892] cloud-init[757]: ci-info: | Device |  Up  |          Address           |      Mask     | Scope  |     Hw-Address    |
[    9.972802] cloud-init[757]: ci-info: +--------+------+----------------------------+---------------+--------+-------------------+
[    9.973632] cloud-init[757]: ci-info: | enp0s3 | True |         10.0.2.15          | 255.255.255.0 | global | 02:d0:42:45:d9:44 |
[    9.974443] cloud-init[757]: ci-info: | enp0s3 | True | fe80::d0:42ff:fe45:d944/64 |       .       |  link  | 02:d0:42:45:d9:44 |
[    9.975240] cloud-init[757]: ci-info: |   lo   | True |         127.0.0.1          |   255.0.0.0   |  host  |         .         |
[    9.976059] cloud-init[757]: ci-info: |   lo   | True |          ::1/128           |       .       |  host  |         .         |
[    9.976890] cloud-init[757]: ci-info: +--------+------+----------------------------+---------------+--------+-------------------+
[    9.977702] cloud-init[757]: ci-info: ++++++++++++++++++++++++++++Route IPv4 info+++++++++++++++++++++++++++++
[    9.978500] cloud-init[757]: ci-info: +-------+-------------+----------+-----------------+-----------+-------+
[    9.979302] cloud-init[757]: ci-info: | Route | Destination | Gateway  |     Genmask     | Interface | Flags |
[    9.980112] cloud-init[757]: ci-info: +-------+-------------+----------+-----------------+-----------+-------+
[    9.980885] cloud-init[757]: ci-info: |   0   |   0.0.0.0   | 10.0.2.2 |     0.0.0.0     |   enp0s3  |   UG  |
[    9.981652] cloud-init[757]: ci-info: |   1   |   10.0.2.0  | 0.0.0.0  |  255.255.255.0  |   enp0s3  |   U   |
[    9.982806] cloud-init[757]: ci-info: |   2   |   10.0.2.2  | 0.0.0.0  | 255.255.255.255 |   enp0s3  |   UH  |
[    9.983587] cloud-init[757]: ci-info: +-------+-------------+----------+-----------------+-----------+-------+
[    9.984315] cloud-init[757]: ci-info: +++++++++++++++++++Route IPv6 info+++++++++++++++++++
[    9.984984] cloud-init[757]: ci-info: +-------+-------------+---------+-----------+-------+
[    9.985656] cloud-init[757]: ci-info: | Route | Destination | Gateway | Interface | Flags |
[    9.986318] cloud-init[757]: ci-info: +-------+-------------+---------+-----------+-------+
[    9.986982] cloud-init[757]: ci-info: |   1   |  fe80::/64  |    ::   |   enp0s3  |   U   |
[    9.987727] cloud-init[757]: ci-info: |   3   |    local    |    ::   |   enp0s3  |   U   |
[    9.988414] cloud-init[757]: ci-info: |   4   |   ff00::/8  |    ::   |   enp0s3  |   U   |
[    9.989103] cloud-init[757]: ci-info: +-------+-------------+---------+-----------+-------+
[   10.879201] cloud-init[757]: Generating public/private rsa key pair.
[   10.879803] cloud-init[757]: Your identification has been saved in /etc/ssh/ssh_host_rsa_key.
[   10.880514] cloud-init[757]: Your public key has been saved in /etc/ssh/ssh_host_rsa_key.pub.
[   10.896759] cloud-init[757]: The key fingerprint is:
[   10.897233] cloud-init[757]: SHA256:16LzPA7bzTmIJY/h+rFs4IDvNHsXToLSIhgZdatLvBY root@ubuntu-bionic
[   10.897969] cloud-init[757]: The key's randomart image is:
[   10.898474] cloud-init[757]: +---[RSA 2048]----+
[   10.898943] cloud-init[757]: | .. .            |
[   10.899404] cloud-init[757]: |.  . .           |
[   10.899865] cloud-init[757]: | o  .            |
[   10.900374] cloud-init[757]: |o. .       .     |
[   10.900836] cloud-init[757]: |..Eo .  S o .    |
[   10.901294] cloud-init[757]: |o.+++ o =o..     |
[   10.901753] cloud-init[757]: | .++oo *=O .     |
[   10.902210] cloud-init[757]: | . ..oo.BX+o..   |
[   10.902643] cloud-init[757]: |   .o..==.=.+.   |
[   10.903107] cloud-init[[0;32m  OK  [0m] Started Initial cloud-init job (metadata service crawler).
[[0;32m  OK  [0m] Reached target Network is Online.
[757]: +----[SHA256]-----+
         Starting Availability of block devices...
[[0;32m  OK  [0m] Reached target Remote File Systems (Pre).
[[0;32m  OK  [0m] Reached target Remote File Systems.
[[0;32m  OK  [0m[   10.905696] cloud-init[757]: Generating public/private dsa key pair.
[   10.905782] cloud-init[757]: Your identification has been saved in /etc/ssh/ssh_host_dsa_key.
[   10.905957] cloud-init[757]: Your public key has been saved in /etc/ssh/ssh_host_dsa_key.pub.
[   10.906128] cloud-init[757]: The key fingerprint is:
[   10.906300] cloud-init[757]: SHA256:dRh8cKw4B8FvIlnWpjuarhtia+7C2j6/VnOFT4hAcuE root@ubuntu-bionic
[   10.906389] cloud-init[757]: The key's randomart image is:
[   10.906568] cloud-init[757]: +---[DSA 1024]----+
[   10.906759] cloud-init[757]: |  ..+. ..+oo.    |
[   10.906950] cloud-init[757]: |   +.   = ++o    |
[   10.907135] cloud-init[757]: |    E. = Ooo.    |
[   10.907325] cloud-init[757]: |      + B.B.     |
[   10.907532] cloud-init[757]: |       .SX       |
[   10.907708] cloud-init[757]: |      o + .      |
[   10.907893] cloud-init[757]: |. o .. = .       |
[   10.908074] cloud-init[757]: |.+oo..o          |
[   10.908282] cloud-init[757]: |o**+==.          |
[   10.908573] cloud-init[757]: +----[SHA256]-----+
[   10.908763] cloud-init[757]: Generating public/private ecdsa key pair.
[   10.908963] cloud-init[757]: Your identification has been saved in /etc/ssh/ssh_host_ecdsa_key.
[   10.909159] cloud-init[757]: Your public key has been saved in /etc/ssh/ssh_host_ecdsa_key.pub.
[   10.909451] cloud-init[757]: The key fingerprint is:
[   10.909630] cloud-init[757]: SHA256:BFy5fdwANDp9BG5vfGUh3kSm9mUNR1pofEND4qCB0e0 root@ubuntu-bionic
[   10.909827] cloud-init[757]: The key's randomart image is:
[   10.910026] cloud-init[757]: +---[ECDSA 256]---+
[   10.910211] cloud-init[757]: |     ..o=+*+.+=@+|
[   10.910406] cloud-init[757]: |      .o.=o+= @*=|
[   10.910586] cloud-init[757]: |        ++=..O.oB|
[   10.910781] cloud-init[757]: |       ..o.E+ o+.|
[   10.910977] cloud-init[757]: |        S  .+ .. |
[   10.911164] cloud-init[757]: |           . .   |
[   10.911376] cloud-init[757]: |                 |
[   10.911556] cloud-init[757]: |                 |
[   10.911747] cloud-init[757]: |                 |
[   10.911948] cloud-init[757]: +----[SHA256]-----+
[   10.915347] cloud-init[757]: Generating public/private ed25519 key pair.
[   10.915524] cloud-init[757]: Your identification has been saved in /etc/ssh/ssh_host_ed25519_key.
[   10.915714] cloud-init[757]: Your public key has been saved in /etc/ssh/ssh_host_ed25519_key.pub.
[   10.915913] cloud-init[757]: The key fingerprint is:
[   10.916131] cloud-init[757]: SHA256:ul3LrFGsN7zb+RdIKyiPF76mypKJITr03lmmXrKQMW0 root@ubuntu-bionic
[   10.916311] cloud-init[757]: The key's randomart image is:
[   10.916492] cloud-init[757]: +--[ED25519 256]--+
[   10.916685] cloud-init[757]: |                 |
[   10.916875] cloud-init[757]: |                 |
[   10.917063] cloud-init[757]: |                 |
[   10.917258] cloud-init[757]: |    .    .   .   |
[   10.917451] cloud-init[757]: |   o E  S + . o  |
[   10.917639] cloud-init[757]: |.o  =  o * . o . |
[   10.917827] cloud-init[757]: |+ +oo..+B * .   .|
[   10.918012] cloud-init[757]: |o. =+ O+ @ = .  .|
[   10.918219] cloud-init[757]: | ...oOo.*oB.o... |
[   10.918398] cloud-init[757]: +----[SHA256]-----+
] Reached target System Initialization.
[[0;32m  OK  [0m] Listening on UUID daemon activation socket.
[[0;32m  OK  [0m] Started Discard unused blocks once a week.
         Starting Socket activation for snappy daemon.
[[0;32m  OK  [0m] Started Message of the Day.
         Starting LXD - unix socket.
[[0;32m  OK  [0m] Listening on ACPID Listen Socket.
[[0;32m  OK  [0m] Started Daily Cleanup of Temporary Directories.
[[0;32m  OK  [0m] Started ACPI Events Check.
[[0;32m  OK  [0m] Reached target Paths.
[[0;32m  OK  [0m] Listening on D-Bus System Message Bus Socket.
[[0;32m  OK  [0m] Started Daily apt download activities.
[[0;32m  OK  [0m] Started Daily apt upgrade and clean activities.
[[0;32m  OK  [0m] Reached target Timers.
[[0;32m  OK  [0m] Listening on Open-iSCSI iscsid Socket.
[[0;32m  OK  [0m] Reached target Cloud-config availability.
[[0;32m  OK  [0m] Started Availability of block devices.
[[0;32m  OK  [0m] Listening on Socket activation for snappy daemon.
[[0;32m  OK  [0m] Listening on LXD - unix socket.
[[0;32m  OK  [0m] Reached target Sockets.
[[0;32m  OK  [0m] Reached target Basic System.
         Starting Login Service...
         Starting LSB: automatic crash report generation...
         Starting LXD - container startup/shutdown...
         Starting Permit User Sessions...
         Starting LSB: Record successful boot for GRUB...
[[0;32m  OK  [0m] Started irqbalance daemon.
[[0;32m  OK  [0m] Started FUSE filesystem for LXC.
[[0;32m  OK  [0m] Started D-Bus System Message Bus.
         Starting Dispatcher daemon for systemd-networkd...
         Starting System Logging Service...
         Starting Pollinate to seed the pseudo random number generator...
         Starting Accounts Service...
[[0;32m  OK  [0m] Started Deferred execution scheduler.
         Starting Virtualbox guest utils...
         Starting Snappy daemon...
[[0;32m  OK  [0m] Started Regular background program processing daemon.
[[0;32m  OK  [0m] Started LXD - container startup/shutdown.
[[0;32m  OK  [0m] Started Permit User Sessions.
[[0;32m  OK  [0m] Started Login Service.
[[0;32m  OK  [0m] Started Unattended Upgrades Shutdown.
         Starting Terminate Plymouth Boot Screen...
         Starting Hold until boot process finishes up...
[[0;32m  OK  [0m] Started Hold until boot process finishes up.
         Starting Set console scheme...
[[0;32m  OK  [0m] Started Serial Getty on ttyS0.
[[0;32m  OK  [0m] Started Terminate Plymouth Boot Screen.
[[0;32m  OK  [0m] Started System Logging Service.
[[0;32m  OK  [0m] Started Set console scheme.
[[0;32m  OK  [0m] Created slice system-getty.slice.
[[0;32m  OK  [0m] Started Getty on tty1.
[[0;32m  OK  [0m] Reached target Login Prompts.
         Starting Authorization Manager...
[[0;32m  OK  [0m] Started LSB: automatic crash report generation.
[[0;32m  OK  [0m] Started LSB: Record successful boot for GRUB.
[[0;32m  OK  [0m] Started Authorization Manager.
[[0;32m  OK  [0m] Started Accounts Service.
[[0;32m  OK  [0m] Started Virtualbox guest utils.
[[0;32m  OK  [0m] Started Dispatcher daemon for systemd-networkd.
[[0;32m  OK  [0m] Started Snappy daemon.
         Starting Wait until snapd is fully seeded...
[[0;32m  OK  [0m] Started Pollinate to seed the pseudo random number generator.
         Starting OpenBSD Secure Shell server...
[[0;32m  OK  [0m] Started OpenBSD Secure Shell server.
[[0;32m  OK  [0m] Created slice User Slice of vagrant.
         Starting User Manager for UID 1000...
[[0;32m  OK  [0m] Started Session 1 of user vagrant.
[[0;32m  OK  [0m] Started User Manager for UID 1000.
[[0;32m  OK  [0m] Started Wait until snapd is fully seeded.
         Starting Apply the settings specified in cloud-config...
[[0;32m  OK  [0m] Reached target Multi-User System.
[[0;32m  OK  [0m] Reached target Graphical Interface.
         Starting Update UTMP about System Runlevel Changes...
[[0;32m  OK  [0m] Started Update UTMP about System Runlevel Changes.
[   13.384577] cloud-init[1366]: Cloud-init v. 19.4-33-gbb4131a2-0ubuntu1~18.04.1 running 'modules:config' at Thu, 04 Jun 2020 13:29:03 +0000. Up 12.97 seconds.
[[0;32m  OK  [0m] Started Apply the settings specified in cloud-config.
         Starting Execute cloud user/final scripts...
ci-info: no authorized SSH keys fingerprints found for user ubuntu.
<14>Jun  4 13:29:04 ec2: 
<14>Jun  4 13:29:04 ec2: #############################################################
<14>Jun  4 13:29:04 ec2: -----BEGIN SSH HOST KEY FINGERPRINTS-----
<14>Jun  4 13:29:04 ec2: 1024 SHA256:dRh8cKw4B8FvIlnWpjuarhtia+7C2j6/VnOFT4hAcuE root@ubuntu-bionic (DSA)
<14>Jun  4 13:29:04 ec2: 256 SHA256:BFy5fdwANDp9BG5vfGUh3kSm9mUNR1pofEND4qCB0e0 root@ubuntu-bionic (ECDSA)
<14>Jun  4 13:29:04 ec2: 256 SHA256:ul3LrFGsN7zb+RdIKyiPF76mypKJITr03lmmXrKQMW0 root@ubuntu-bionic (ED25519)
<14>Jun  4 13:29:04 ec2: 2048 SHA256:16LzPA7bzTmIJY/h+rFs4IDvNHsXToLSIhgZdatLvBY root@ubuntu-bionic (RSA)
<14>Jun  4 13:29:04 ec2: -----END SSH HOST KEY FINGERPRINTS-----
<14>Jun  4 13:29:04 ec2: #############################################################
-----BEGIN SSH HOST KEY KEYS-----
ecdsa-sha2-nistp256 AAAAE2VjZHNhLXNoYTItbmlzdHAyNTYAAAAIbmlzdHAyNTYAAABBBDAZROy82H0pl2xXk2mknNugxIsDLmj5F+Nw2TvwnKmMsco84DaCR/QLY57R36aMmvOtxyDhbSJ1+gYRuW3rf2k= root@ubuntu-bionic
ssh-ed25519 AAAAC3NzaC1lZDI1NTE5AAAAIFRzxWLfhFdhRsYVMgCZDaLnKbylZSWBGJkLwe+8iix5 root@ubuntu-bionic
ssh-rsa AAAAB3NzaC1yc2EAAAADAQABAAABAQCdb7QE2ixkfZtdVQvRvQvePPzlzfL7jXs9b5OlMZ6BYgimn5DBT4/CGryQyK7sMhoXXtXOWlm0vTvqcuUSCINzK3LpDczWmp5rHKGU7amrRPS5GOJ87fc/6iBPTJOrj38o0/ral/GSi2a42MJRsL0AQldzLkMzvGtvVbGz4Dea7dqCWpGXXyCVEjjko7Do1HHKsbBSfoyL0fQVM5Yg2j9KFoAyCspHSkndkQ91y+bp8dRz8/4HXkgolVPJjVVAK+OeGL0Q5wmmJIplvREqirxen5DRCXvNK12gZSzimzoGYBJJdcnA+lqjse/ceExdqiXDJF/GFZEVOe9uduR2GKTZ root@ubuntu-bionic
-----END SSH HOST KEY KEYS-----
[   13.693240] cloud-init[1505]: Cloud-init v. 19.4-33-gbb4131a2-0ubuntu1~18.04.1 running 'modules:final' at Thu, 04 Jun 2020 13:29:04 +0000. Up 13.61 seconds.
[   13.694202] cloud-init[1505]: ci-info: no authorized SSH keys fingerprints found for user ubuntu.
[   13.694844] cloud-init[1505]: Cloud-init v. 19.4-33-gbb4131a2-0ubuntu1~18.04.1 finished at Thu, 04 Jun 2020 13:29:04 +0000. Datasource DataSourceNoCloud [seed=/dev/sdb][dsmode=net].  Up 13.68 seconds
[[0;32m  OK  [0m] Started Execute cloud user/final scripts.
[[0;32m  OK  [0m] Reached target Cloud-init target.

Ubuntu 18.04.4 LTS ubuntu-bionic ttyS0

ubuntu-bionic login: 